{
"contracts/ADASTRAMultisend/Diamond.sol":{"l":{"17":3,"20":3,"21":3,"22":3,"23":3,"28":3,"34":8,"35":8,"37":8,"41":8,"42":8,"44":8},"path":"/home/arro/Documenti/Work/ADASTRA/MultiSend/contracts/ADASTRAMultisend/Diamond.sol","s":{"1":3,"2":3,"3":3,"4":3,"5":3,"6":3,"7":8,"8":8,"9":8,"10":8},"b":{"1":[8,0]},"f":{"1":3,"2":8},"fnMap":{"1":{"name":"constructor","line":16,"loc":{"start":{"line":16,"column":4},"end":{"line":29,"column":4}}},"2":{"name":null,"line":33,"loc":{"start":{"line":33,"column":4},"end":{"line":60,"column":4}}}},"statementMap":{"1":{"start":{"line":17,"column":8},"end":{"line":17,"column":50}},"2":{"start":{"line":20,"column":8},"end":{"line":20,"column":73}},"3":{"start":{"line":21,"column":8},"end":{"line":21,"column":59}},"4":{"start":{"line":22,"column":8},"end":{"line":22,"column":61}},"5":{"start":{"line":23,"column":8},"end":{"line":23,"column":966}},"6":{"start":{"line":28,"column":8},"end":{"line":28,"column":49}},"7":{"start":{"line":34,"column":8},"end":{"line":34,"column":44}},"8":{"start":{"line":35,"column":8},"end":{"line":35,"column":62}},"9":{"start":{"line":41,"column":8},"end":{"line":41,"column":60}},"10":{"start":{"line":42,"column":8},"end":{"line":42,"column":71}}},"branchMap":{"1":{"line":42,"type":"if","locations":[{"start":{"line":42,"column":8},"end":{"line":42,"column":8}},{"start":{"line":42,"column":8},"end":{"line":42,"column":8}}]}}},
"contracts/ADASTRAMultisend/facets/DiamondCutFacet.sol":{"l":{"27":1,"28":1,"29":1,"30":1,"31":1,"34":1,"37":1,"40":1,"41":4,"49":4,"50":4,"53":1,"54":1,"58":1,"60":1,"62":1,"63":1},"path":"/home/arro/Documenti/Work/ADASTRA/MultiSend/contracts/ADASTRAMultisend/facets/DiamondCutFacet.sol","s":{"1":1,"2":1,"3":1,"4":1,"5":1,"6":1,"7":1,"8":1,"9":4,"10":1,"11":1,"12":1,"13":1,"14":1,"15":1},"b":{"1":[1,0],"2":[1,0],"3":[1,0]},"f":{"1":1},"fnMap":{"1":{"name":"diamondCut","line":22,"loc":{"start":{"line":22,"column":4},"end":{"line":64,"column":4}}}},"statementMap":{"1":{"start":{"line":27,"column":8},"end":{"line":27,"column":42}},"2":{"start":{"line":28,"column":8},"end":{"line":28,"column":74}},"3":{"start":{"line":29,"column":8},"end":{"line":29,"column":56}},"4":{"start":{"line":30,"column":8},"end":{"line":30,"column":53}},"5":{"start":{"line":31,"column":8},"end":{"line":31,"column":28}},"6":{"start":{"line":34,"column":8},"end":{"line":34,"column":1682}},"7":{"start":{"line":37,"column":12},"end":{"line":37,"column":62}},"8":{"start":{"line":40,"column":8},"end":{"line":40,"column":1956}},"9":{"start":{"line":41,"column":12},"end":{"line":41,"column":2034}},"10":{"start":{"line":53,"column":8},"end":{"line":53,"column":2428}},"11":{"start":{"line":54,"column":12},"end":{"line":54,"column":51}},"12":{"start":{"line":58,"column":8},"end":{"line":58,"column":2678}},"13":{"start":{"line":60,"column":12},"end":{"line":60,"column":62}},"14":{"start":{"line":62,"column":8},"end":{"line":62,"column":54}},"15":{"start":{"line":63,"column":8},"end":{"line":63,"column":56}}},"branchMap":{"1":{"line":34,"type":"if","locations":[{"start":{"line":34,"column":8},"end":{"line":34,"column":8}},{"start":{"line":34,"column":8},"end":{"line":34,"column":8}}]},"2":{"line":53,"type":"if","locations":[{"start":{"line":53,"column":8},"end":{"line":53,"column":8}},{"start":{"line":53,"column":8},"end":{"line":53,"column":8}}]},"3":{"line":58,"type":"if","locations":[{"start":{"line":58,"column":8},"end":{"line":58,"column":8}},{"start":{"line":58,"column":8},"end":{"line":58,"column":8}}]}}},
"contracts/ADASTRAMultisend/facets/DiamondLoupeFacet.sol":{"l":{"27":0,"28":0,"29":0,"30":0,"31":0,"33":0,"34":0,"35":0,"36":0,"37":0,"38":0,"41":0,"42":0,"43":0,"44":0,"45":0,"46":0,"48":0,"49":0,"50":0,"51":0,"54":0,"55":0,"57":0,"58":0,"59":0,"60":0,"61":0,"64":0,"65":0,"66":0,"68":0,"73":0,"82":0,"83":0,"84":0,"85":0,"87":0,"88":0,"89":0,"90":0,"91":0,"92":0,"95":0,"96":0,"97":0,"98":0,"99":0,"104":0,"112":0,"113":0,"114":0,"115":0,"117":0,"118":0,"119":0,"120":0,"121":0,"122":0,"125":0,"126":0,"127":0,"128":0,"129":0,"130":0,"131":0,"134":0,"135":0,"137":0,"138":0,"142":0,"152":0,"153":0,"158":0,"159":0},"path":"/home/arro/Documenti/Work/ADASTRA/MultiSend/contracts/ADASTRAMultisend/facets/DiamondLoupeFacet.sol","s":{"1":0,"2":0,"3":0,"4":0,"5":0,"6":0,"7":0,"8":0,"9":0,"10":0,"11":0,"12":0,"13":0,"14":0,"15":0,"16":0,"17":0,"18":0,"19":0,"20":0,"21":0,"22":0,"23":0,"24":0,"25":0,"26":0,"27":0,"28":0,"29":0,"30":0,"31":0,"32":0,"33":0,"34":0,"35":0,"36":0,"37":0,"38":0,"39":0,"40":0,"41":0,"42":0,"43":0,"44":0,"45":0,"46":0,"47":0,"48":0,"49":0,"50":0,"51":0,"52":0,"53":0,"54":0,"55":0,"56":0,"57":0},"b":{"1":[0,0],"2":[0,0],"3":[0,0],"4":[0,0],"5":[0,0],"6":[0,0],"7":[0,0],"8":[0,0],"9":[0,0]},"f":{"1":0,"2":0,"3":0,"4":0,"5":0},"fnMap":{"1":{"name":"facets","line":26,"loc":{"start":{"line":26,"column":4},"end":{"line":76,"column":4}}},"2":{"name":"facetFunctionSelectors","line":81,"loc":{"start":{"line":81,"column":4},"end":{"line":107,"column":4}}},"3":{"name":"facetAddresses","line":111,"loc":{"start":{"line":111,"column":4},"end":{"line":145,"column":4}}},"4":{"name":"facetAddress","line":151,"loc":{"start":{"line":151,"column":4},"end":{"line":154,"column":4}}},"5":{"name":"supportsInterface","line":157,"loc":{"start":{"line":157,"column":4},"end":{"line":160,"column":4}}}},"statementMap":{"1":{"start":{"line":27,"column":8},"end":{"line":27,"column":74}},"2":{"start":{"line":28,"column":8},"end":{"line":28,"column":46}},"3":{"start":{"line":29,"column":8},"end":{"line":29,"column":74}},"4":{"start":{"line":30,"column":8},"end":{"line":30,"column":25}},"5":{"start":{"line":31,"column":8},"end":{"line":31,"column":29}},"6":{"start":{"line":33,"column":8},"end":{"line":33,"column":1486}},"7":{"start":{"line":34,"column":12},"end":{"line":34,"column":54}},"8":{"start":{"line":35,"column":12},"end":{"line":35,"column":1631}},"9":{"start":{"line":37,"column":16},"end":{"line":37,"column":1762}},"10":{"start":{"line":41,"column":16},"end":{"line":41,"column":74}},"11":{"start":{"line":42,"column":16},"end":{"line":42,"column":77}},"12":{"start":{"line":43,"column":16},"end":{"line":43,"column":33}},"13":{"start":{"line":44,"column":16},"end":{"line":44,"column":2120}},"14":{"start":{"line":45,"column":20},"end":{"line":45,"column":2209}},"15":{"start":{"line":46,"column":24},"end":{"line":46,"column":102}},"16":{"start":{"line":48,"column":24},"end":{"line":48,"column":67}},"17":{"start":{"line":50,"column":24},"end":{"line":50,"column":42}},"18":{"start":{"line":54,"column":16},"end":{"line":54,"column":2726}},"19":{"start":{"line":57,"column":16},"end":{"line":57,"column":62}},"20":{"start":{"line":58,"column":16},"end":{"line":58,"column":84}},"21":{"start":{"line":59,"column":16},"end":{"line":59,"column":65}},"22":{"start":{"line":60,"column":16},"end":{"line":60,"column":47}},"23":{"start":{"line":64,"column":8},"end":{"line":64,"column":3117}},"24":{"start":{"line":65,"column":12},"end":{"line":65,"column":64}},"25":{"start":{"line":66,"column":12},"end":{"line":66,"column":77}},"26":{"start":{"line":82,"column":8},"end":{"line":82,"column":74}},"27":{"start":{"line":83,"column":8},"end":{"line":83,"column":28}},"28":{"start":{"line":84,"column":8},"end":{"line":84,"column":63}},"29":{"start":{"line":85,"column":8},"end":{"line":85,"column":29}},"30":{"start":{"line":87,"column":8},"end":{"line":87,"column":4172}},"31":{"start":{"line":88,"column":12},"end":{"line":88,"column":54}},"32":{"start":{"line":89,"column":12},"end":{"line":89,"column":4317}},"33":{"start":{"line":91,"column":16},"end":{"line":91,"column":4448}},"34":{"start":{"line":95,"column":16},"end":{"line":95,"column":74}},"35":{"start":{"line":96,"column":16},"end":{"line":96,"column":69}},"36":{"start":{"line":97,"column":16},"end":{"line":97,"column":4763}},"37":{"start":{"line":98,"column":20},"end":{"line":98,"column":67}},"38":{"start":{"line":112,"column":8},"end":{"line":112,"column":74}},"39":{"start":{"line":113,"column":8},"end":{"line":113,"column":56}},"40":{"start":{"line":114,"column":8},"end":{"line":114,"column":25}},"41":{"start":{"line":115,"column":8},"end":{"line":115,"column":29}},"42":{"start":{"line":117,"column":8},"end":{"line":117,"column":5509}},"43":{"start":{"line":118,"column":12},"end":{"line":118,"column":54}},"44":{"start":{"line":119,"column":12},"end":{"line":119,"column":5654}},"45":{"start":{"line":121,"column":16},"end":{"line":121,"column":5785}},"46":{"start":{"line":125,"column":16},"end":{"line":125,"column":74}},"47":{"start":{"line":126,"column":16},"end":{"line":126,"column":77}},"48":{"start":{"line":127,"column":16},"end":{"line":127,"column":33}},"49":{"start":{"line":128,"column":16},"end":{"line":128,"column":6143}},"50":{"start":{"line":129,"column":20},"end":{"line":129,"column":6232}},"51":{"start":{"line":130,"column":24},"end":{"line":130,"column":42}},"52":{"start":{"line":134,"column":16},"end":{"line":134,"column":6412}},"53":{"start":{"line":137,"column":16},"end":{"line":137,"column":57}},"54":{"start":{"line":152,"column":8},"end":{"line":152,"column":74}},"55":{"start":{"line":153,"column":8},"end":{"line":153,"column":69}},"56":{"start":{"line":158,"column":8},"end":{"line":158,"column":74}},"57":{"start":{"line":159,"column":8},"end":{"line":159,"column":51}}},"branchMap":{"1":{"line":37,"type":"if","locations":[{"start":{"line":37,"column":16},"end":{"line":37,"column":16}},{"start":{"line":37,"column":16},"end":{"line":37,"column":16}}]},"2":{"line":45,"type":"if","locations":[{"start":{"line":45,"column":20},"end":{"line":45,"column":20}},{"start":{"line":45,"column":20},"end":{"line":45,"column":20}}]},"3":{"line":48,"type":"if","locations":[{"start":{"line":48,"column":24},"end":{"line":48,"column":24}},{"start":{"line":48,"column":24},"end":{"line":48,"column":24}}]},"4":{"line":54,"type":"if","locations":[{"start":{"line":54,"column":16},"end":{"line":54,"column":16}},{"start":{"line":54,"column":16},"end":{"line":54,"column":16}}]},"5":{"line":91,"type":"if","locations":[{"start":{"line":91,"column":16},"end":{"line":91,"column":16}},{"start":{"line":91,"column":16},"end":{"line":91,"column":16}}]},"6":{"line":97,"type":"if","locations":[{"start":{"line":97,"column":16},"end":{"line":97,"column":16}},{"start":{"line":97,"column":16},"end":{"line":97,"column":16}}]},"7":{"line":121,"type":"if","locations":[{"start":{"line":121,"column":16},"end":{"line":121,"column":16}},{"start":{"line":121,"column":16},"end":{"line":121,"column":16}}]},"8":{"line":129,"type":"if","locations":[{"start":{"line":129,"column":20},"end":{"line":129,"column":20}},{"start":{"line":129,"column":20},"end":{"line":129,"column":20}}]},"9":{"line":134,"type":"if","locations":[{"start":{"line":134,"column":16},"end":{"line":134,"column":16}},{"start":{"line":134,"column":16},"end":{"line":134,"column":16}}]}}},
"contracts/ADASTRAMultisend/facets/ManagementFacet.sol":{"l":{"13":1,"17":1},"path":"/home/arro/Documenti/Work/ADASTRA/MultiSend/contracts/ADASTRAMultisend/facets/ManagementFacet.sol","s":{"1":1,"2":1},"b":{},"f":{"1":1,"2":1},"fnMap":{"1":{"name":"getFixedFee","line":12,"loc":{"start":{"line":12,"column":4},"end":{"line":14,"column":4}}},"2":{"name":"setFixedFee","line":16,"loc":{"start":{"line":16,"column":4},"end":{"line":18,"column":4}}}},"statementMap":{"1":{"start":{"line":13,"column":8},"end":{"line":13,"column":25}},"2":{"start":{"line":17,"column":8},"end":{"line":17,"column":25}}},"branchMap":{}},
"contracts/ADASTRAMultisend/facets/MultisendFacet.sol":{"l":{"15":4,"19":1,"23":1,"24":1,"25":1,"27":1,"28":1,"30":1,"31":255,"33":1,"34":1,"39":1,"40":1,"41":1,"43":1,"44":1,"45":1,"47":1,"48":255,"50":1,"51":1,"56":1,"60":1,"61":1,"62":1,"63":1,"64":1,"65":255,"67":1,"68":1,"73":1,"77":1,"78":1,"79":1,"80":1,"81":1,"82":1,"83":255,"84":255,"86":1,"87":1},"path":"/home/arro/Documenti/Work/ADASTRA/MultiSend/contracts/ADASTRAMultisend/facets/MultisendFacet.sol","s":{"1":4,"2":1,"3":1,"4":1,"5":1,"6":1,"7":1,"8":1,"9":255,"10":1,"11":1,"12":1,"13":1,"14":1,"15":1,"16":1,"17":1,"18":1,"19":255,"20":1,"21":1,"22":1,"23":1,"24":1,"25":1,"26":1,"27":1,"28":255,"29":1,"30":1,"31":1,"32":1,"33":1,"34":1,"35":1,"36":1,"37":1,"38":255,"39":255,"40":1,"41":1},"b":{"1":[4,0],"2":[1,0],"3":[1,0],"4":[1,0],"5":[255,0],"6":[1,0],"7":[1,0],"8":[1,0],"9":[255,0],"10":[1,0],"11":[1,0],"12":[1,0],"13":[1,0],"14":[1,0]},"f":{"1":4,"2":1,"3":1,"4":1,"5":1},"fnMap":{"1":{"name":"payToAdmin","line":14,"loc":{"start":{"line":14,"column":4},"end":{"line":16,"column":4}}},"2":{"name":"nativeSendSameValue","line":18,"loc":{"start":{"line":18,"column":4},"end":{"line":35,"column":4}}},"3":{"name":"nativeSendDifferentValue","line":37,"loc":{"start":{"line":37,"column":4},"end":{"line":53,"column":4}}},"4":{"name":"sendSameValue","line":55,"loc":{"start":{"line":55,"column":4},"end":{"line":70,"column":4}}},"5":{"name":"sendDifferentValue","line":72,"loc":{"start":{"line":72,"column":4},"end":{"line":89,"column":4}}}},"statementMap":{"1":{"start":{"line":15,"column":10},"end":{"line":15,"column":73}},"2":{"start":{"line":19,"column":8},"end":{"line":19,"column":639}},"3":{"start":{"line":23,"column":8},"end":{"line":23,"column":48}},"4":{"start":{"line":24,"column":8},"end":{"line":24,"column":39}},"5":{"start":{"line":25,"column":5},"end":{"line":25,"column":30}},"6":{"start":{"line":27,"column":5},"end":{"line":27,"column":58}},"7":{"start":{"line":28,"column":8},"end":{"line":28,"column":55}},"8":{"start":{"line":30,"column":8},"end":{"line":30,"column":1055}},"9":{"start":{"line":31,"column":12},"end":{"line":31,"column":66}},"10":{"start":{"line":33,"column":8},"end":{"line":33,"column":19}},"11":{"start":{"line":34,"column":8},"end":{"line":34,"column":57}},"12":{"start":{"line":39,"column":8},"end":{"line":39,"column":35}},"13":{"start":{"line":40,"column":8},"end":{"line":40,"column":39}},"14":{"start":{"line":41,"column":5},"end":{"line":41,"column":30}},"15":{"start":{"line":43,"column":5},"end":{"line":43,"column":58}},"16":{"start":{"line":44,"column":8},"end":{"line":44,"column":60}},"17":{"start":{"line":45,"column":8},"end":{"line":45,"column":55}},"18":{"start":{"line":47,"column":8},"end":{"line":47,"column":1669}},"19":{"start":{"line":48,"column":12},"end":{"line":48,"column":51}},"20":{"start":{"line":50,"column":8},"end":{"line":50,"column":19}},"21":{"start":{"line":51,"column":8},"end":{"line":51,"column":57}},"22":{"start":{"line":56,"column":9},"end":{"line":56,"column":1981}},"23":{"start":{"line":60,"column":5},"end":{"line":60,"column":30}},"24":{"start":{"line":61,"column":8},"end":{"line":61,"column":55}},"25":{"start":{"line":62,"column":8},"end":{"line":62,"column":51}},"26":{"start":{"line":63,"column":8},"end":{"line":63,"column":44}},"27":{"start":{"line":64,"column":8},"end":{"line":64,"column":2292}},"28":{"start":{"line":65,"column":12},"end":{"line":65,"column":51}},"29":{"start":{"line":67,"column":8},"end":{"line":67,"column":19}},"30":{"start":{"line":68,"column":2},"end":{"line":68,"column":56}},"31":{"start":{"line":73,"column":9},"end":{"line":73,"column":2618}},"32":{"start":{"line":77,"column":5},"end":{"line":77,"column":30}},"33":{"start":{"line":78,"column":8},"end":{"line":78,"column":60}},"34":{"start":{"line":79,"column":8},"end":{"line":79,"column":55}},"35":{"start":{"line":80,"column":8},"end":{"line":80,"column":26}},"36":{"start":{"line":81,"column":8},"end":{"line":81,"column":44}},"37":{"start":{"line":82,"column":8},"end":{"line":82,"column":2970}},"38":{"start":{"line":83,"column":12},"end":{"line":83,"column":60}},"39":{"start":{"line":84,"column":9},"end":{"line":84,"column":33}},"40":{"start":{"line":86,"column":8},"end":{"line":86,"column":19}},"41":{"start":{"line":87,"column":8},"end":{"line":87,"column":62}}},"branchMap":{"1":{"line":15,"type":"if","locations":[{"start":{"line":15,"column":10},"end":{"line":15,"column":10}},{"start":{"line":15,"column":10},"end":{"line":15,"column":10}}]},"2":{"line":19,"type":"if","locations":[{"start":{"line":19,"column":8},"end":{"line":19,"column":8}},{"start":{"line":19,"column":8},"end":{"line":19,"column":8}}]},"3":{"line":27,"type":"if","locations":[{"start":{"line":27,"column":5},"end":{"line":27,"column":5}},{"start":{"line":27,"column":5},"end":{"line":27,"column":5}}]},"4":{"line":28,"type":"if","locations":[{"start":{"line":28,"column":8},"end":{"line":28,"column":8}},{"start":{"line":28,"column":8},"end":{"line":28,"column":8}}]},"5":{"line":31,"type":"if","locations":[{"start":{"line":31,"column":12},"end":{"line":31,"column":12}},{"start":{"line":31,"column":12},"end":{"line":31,"column":12}}]},"6":{"line":43,"type":"if","locations":[{"start":{"line":43,"column":5},"end":{"line":43,"column":5}},{"start":{"line":43,"column":5},"end":{"line":43,"column":5}}]},"7":{"line":44,"type":"if","locations":[{"start":{"line":44,"column":8},"end":{"line":44,"column":8}},{"start":{"line":44,"column":8},"end":{"line":44,"column":8}}]},"8":{"line":45,"type":"if","locations":[{"start":{"line":45,"column":8},"end":{"line":45,"column":8}},{"start":{"line":45,"column":8},"end":{"line":45,"column":8}}]},"9":{"line":48,"type":"if","locations":[{"start":{"line":48,"column":12},"end":{"line":48,"column":12}},{"start":{"line":48,"column":12},"end":{"line":48,"column":12}}]},"10":{"line":56,"type":"if","locations":[{"start":{"line":56,"column":9},"end":{"line":56,"column":9}},{"start":{"line":56,"column":9},"end":{"line":56,"column":9}}]},"11":{"line":61,"type":"if","locations":[{"start":{"line":61,"column":8},"end":{"line":61,"column":8}},{"start":{"line":61,"column":8},"end":{"line":61,"column":8}}]},"12":{"line":73,"type":"if","locations":[{"start":{"line":73,"column":9},"end":{"line":73,"column":9}},{"start":{"line":73,"column":9},"end":{"line":73,"column":9}}]},"13":{"line":78,"type":"if","locations":[{"start":{"line":78,"column":8},"end":{"line":78,"column":8}},{"start":{"line":78,"column":8},"end":{"line":78,"column":8}}]},"14":{"line":79,"type":"if","locations":[{"start":{"line":79,"column":8},"end":{"line":79,"column":8}},{"start":{"line":79,"column":8},"end":{"line":79,"column":8}}]}}},
"contracts/ADASTRAMultisend/facets/OwnershipFacet.sol":{"l":{"11":0,"12":0,"16":0},"path":"/home/arro/Documenti/Work/ADASTRA/MultiSend/contracts/ADASTRAMultisend/facets/OwnershipFacet.sol","s":{"1":0,"2":0,"3":0},"b":{},"f":{"1":0,"2":0},"fnMap":{"1":{"name":"transferOwnership","line":10,"loc":{"start":{"line":10,"column":4},"end":{"line":13,"column":4}}},"2":{"name":"owner","line":15,"loc":{"start":{"line":15,"column":4},"end":{"line":17,"column":4}}}},"statementMap":{"1":{"start":{"line":11,"column":8},"end":{"line":11,"column":42}},"2":{"start":{"line":12,"column":8},"end":{"line":12,"column":45}},"3":{"start":{"line":16,"column":8},"end":{"line":16,"column":42}}},"branchMap":{}},
"contracts/ADASTRAMultisend/interfaces/IDiamondCut.sol":{"l":{},"path":"/home/arro/Documenti/Work/ADASTRA/MultiSend/contracts/ADASTRAMultisend/interfaces/IDiamondCut.sol","s":{},"b":{},"f":{},"fnMap":{},"statementMap":{},"branchMap":{}},
"contracts/ADASTRAMultisend/interfaces/IDiamondLoupe.sol":{"l":{},"path":"/home/arro/Documenti/Work/ADASTRA/MultiSend/contracts/ADASTRAMultisend/interfaces/IDiamondLoupe.sol","s":{},"b":{},"f":{},"fnMap":{},"statementMap":{},"branchMap":{}},
"contracts/ADASTRAMultisend/interfaces/IERC165.sol":{"l":{},"path":"/home/arro/Documenti/Work/ADASTRA/MultiSend/contracts/ADASTRAMultisend/interfaces/IERC165.sol","s":{},"b":{},"f":{},"fnMap":{},"statementMap":{},"branchMap":{}},
"contracts/ADASTRAMultisend/interfaces/IERC173.sol":{"l":{},"path":"/home/arro/Documenti/Work/ADASTRA/MultiSend/contracts/ADASTRAMultisend/interfaces/IERC173.sol","s":{},"b":{},"f":{},"fnMap":{},"statementMap":{},"branchMap":{}},
"contracts/ADASTRAMultisend/interfaces/IERC20.sol":{"l":{},"path":"/home/arro/Documenti/Work/ADASTRA/MultiSend/contracts/ADASTRAMultisend/interfaces/IERC20.sol","s":{},"b":{},"f":{},"fnMap":{},"statementMap":{},"branchMap":{}},
"contracts/ADASTRAMultisend/libraries/LibAppStorage.sol":{"l":{"16":0,"29":2,"30":2,"35":1},"path":"/home/arro/Documenti/Work/ADASTRA/MultiSend/contracts/ADASTRAMultisend/libraries/LibAppStorage.sol","s":{"1":2,"2":2},"b":{"1":[1,1]},"f":{"1":0,"2":2},"fnMap":{"1":{"name":"diamondStorage","line":15,"loc":{"start":{"line":15,"column":4},"end":{"line":19,"column":4}}},"2":{"name":"onlyOwnerOrAdmin","line":28,"loc":{"start":{"line":28,"column":4},"end":{"line":36,"column":4}}}},"statementMap":{"1":{"start":{"line":29,"column":8},"end":{"line":29,"column":44}},"2":{"start":{"line":30,"column":8},"end":{"line":30,"column":605}}},"branchMap":{"1":{"line":30,"type":"if","locations":[{"start":{"line":30,"column":8},"end":{"line":30,"column":8}},{"start":{"line":30,"column":8},"end":{"line":30,"column":8}}]}}},
"contracts/ADASTRAMultisend/libraries/LibDiamond.sol":{"l":{"36":17,"37":17,"45":3,"46":3,"47":3,"48":3,"52":1,"56":1,"75":3,"76":3,"77":3,"78":3,"81":3,"84":0,"87":3,"88":3,"96":3,"97":3,"100":3,"101":3,"105":3,"107":3,"109":3,"110":3,"120":7,"121":7,"122":7,"123":7,"124":7,"125":16,"126":16,"127":16,"129":16,"132":16,"134":16,"136":16,"138":1,"139":1,"141":16,"143":16,"144":16,"148":0,"149":0,"150":0,"151":0,"152":0,"154":0,"155":0,"156":0,"158":0,"160":0,"161":0,"165":0,"167":0,"169":0,"170":0,"171":0,"173":0,"174":0,"175":0,"177":0,"179":0,"180":0,"181":0,"183":0,"184":0,"185":0,"186":0,"188":0,"192":0,"193":0,"195":0,"197":0,"198":0,"200":0,"203":0,"205":0,"206":0,"208":0,"212":0,"215":0,"219":0,"220":0,"221":0,"224":0,"225":0,"228":0,"230":0,"232":7,"236":4,"237":3,"239":1,"240":1,"241":1,"242":0,"245":0,"250":0,"256":8,"257":8,"260":8},"path":"/home/arro/Documenti/Work/ADASTRA/MultiSend/contracts/ADASTRAMultisend/libraries/LibDiamond.sol","s":{"1":17,"2":3,"3":3,"4":3,"5":3,"6":1,"7":1,"8":3,"9":3,"10":3,"11":3,"12":3,"13":0,"14":3,"15":3,"16":3,"17":3,"18":3,"19":3,"20":3,"21":3,"22":7,"23":7,"24":7,"25":7,"26":7,"27":16,"28":16,"29":16,"30":16,"31":16,"32":16,"33":16,"34":1,"35":1,"36":0,"37":0,"38":0,"39":0,"40":0,"41":0,"42":0,"43":0,"44":0,"45":0,"46":0,"47":0,"48":0,"49":0,"50":0,"51":0,"52":0,"53":0,"54":0,"55":0,"56":0,"57":0,"58":0,"59":0,"60":0,"61":0,"62":0,"63":0,"64":0,"65":0,"66":0,"67":0,"68":0,"69":0,"70":0,"71":0,"72":0,"73":0,"74":0,"75":0,"76":7,"77":4,"78":3,"79":1,"80":1,"81":1,"82":0,"83":8,"84":8},"b":{"1":[1,0],"2":[0,3],"3":[3,0],"4":[3,0],"5":[7,0],"6":[7,0],"7":[16,0],"8":[1,15],"9":[0,0],"10":[0,0],"11":[0,0],"12":[0,0],"13":[0,0],"14":[0,0],"15":[0,0],"16":[0,0],"17":[0,0],"18":[0,0],"19":[0,0],"20":[0,0],"21":[3,1],"22":[0,1],"23":[0,0],"24":[8,0]},"f":{"1":17,"2":3,"3":1,"4":1,"5":3,"6":7,"7":4,"8":8},"fnMap":{"1":{"name":"diamondStorage","line":35,"loc":{"start":{"line":35,"column":4},"end":{"line":40,"column":4}}},"2":{"name":"setContractOwner","line":44,"loc":{"start":{"line":44,"column":4},"end":{"line":49,"column":4}}},"3":{"name":"contractOwner","line":51,"loc":{"start":{"line":51,"column":4},"end":{"line":53,"column":4}}},"4":{"name":"enforceIsContractOwner","line":55,"loc":{"start":{"line":55,"column":4},"end":{"line":57,"column":4}}},"5":{"name":"diamondCut","line":70,"loc":{"start":{"line":70,"column":4},"end":{"line":111,"column":4}}},"6":{"name":"addReplaceRemoveFacetSelectors","line":113,"loc":{"start":{"line":113,"column":4},"end":{"line":233,"column":4}}},"7":{"name":"initializeDiamondCut","line":235,"loc":{"start":{"line":235,"column":4},"end":{"line":253,"column":4}}},"8":{"name":"enforceHasContractCode","line":255,"loc":{"start":{"line":255,"column":4},"end":{"line":261,"column":4}}}},"statementMap":{"1":{"start":{"line":36,"column":8},"end":{"line":36,"column":51}},"2":{"start":{"line":45,"column":8},"end":{"line":45,"column":52}},"3":{"start":{"line":46,"column":8},"end":{"line":46,"column":48}},"4":{"start":{"line":47,"column":8},"end":{"line":47,"column":35}},"5":{"start":{"line":48,"column":8},"end":{"line":48,"column":59}},"6":{"start":{"line":52,"column":8},"end":{"line":52,"column":54}},"7":{"start":{"line":56,"column":8},"end":{"line":56,"column":98}},"8":{"start":{"line":75,"column":8},"end":{"line":75,"column":52}},"9":{"start":{"line":76,"column":8},"end":{"line":76,"column":56}},"10":{"start":{"line":77,"column":8},"end":{"line":77,"column":53}},"11":{"start":{"line":78,"column":8},"end":{"line":78,"column":28}},"12":{"start":{"line":81,"column":8},"end":{"line":81,"column":3507}},"13":{"start":{"line":84,"column":12},"end":{"line":84,"column":62}},"14":{"start":{"line":87,"column":8},"end":{"line":87,"column":3779}},"15":{"start":{"line":88,"column":12},"end":{"line":88,"column":3857}},"16":{"start":{"line":100,"column":8},"end":{"line":100,"column":4240}},"17":{"start":{"line":101,"column":12},"end":{"line":101,"column":51}},"18":{"start":{"line":105,"column":8},"end":{"line":105,"column":4490}},"19":{"start":{"line":107,"column":12},"end":{"line":107,"column":62}},"20":{"start":{"line":109,"column":8},"end":{"line":109,"column":54}},"21":{"start":{"line":110,"column":8},"end":{"line":110,"column":45}},"22":{"start":{"line":120,"column":8},"end":{"line":120,"column":52}},"23":{"start":{"line":121,"column":8},"end":{"line":121,"column":84}},"24":{"start":{"line":122,"column":8},"end":{"line":122,"column":5206}},"25":{"start":{"line":123,"column":12},"end":{"line":123,"column":91}},"26":{"start":{"line":124,"column":12},"end":{"line":124,"column":5365}},"27":{"start":{"line":125,"column":16},"end":{"line":125,"column":59}},"28":{"start":{"line":126,"column":16},"end":{"line":126,"column":54}},"29":{"start":{"line":127,"column":16},"end":{"line":127,"column":121}},"30":{"start":{"line":129,"column":16},"end":{"line":129,"column":88}},"31":{"start":{"line":132,"column":16},"end":{"line":132,"column":74}},"32":{"start":{"line":134,"column":16},"end":{"line":134,"column":145}},"33":{"start":{"line":136,"column":16},"end":{"line":136,"column":6342}},"34":{"start":{"line":138,"column":20},"end":{"line":138,"column":72}},"35":{"start":{"line":139,"column":20},"end":{"line":139,"column":36}},"36":{"start":{"line":147,"column":15},"end":{"line":147,"column":6747}},"37":{"start":{"line":148,"column":12},"end":{"line":148,"column":95}},"38":{"start":{"line":149,"column":12},"end":{"line":149,"column":6914}},"39":{"start":{"line":150,"column":16},"end":{"line":150,"column":59}},"40":{"start":{"line":151,"column":16},"end":{"line":151,"column":54}},"41":{"start":{"line":152,"column":16},"end":{"line":152,"column":68}},"42":{"start":{"line":154,"column":16},"end":{"line":154,"column":107}},"43":{"start":{"line":155,"column":16},"end":{"line":155,"column":119}},"44":{"start":{"line":156,"column":16},"end":{"line":156,"column":113}},"45":{"start":{"line":158,"column":16},"end":{"line":158,"column":96}},"46":{"start":{"line":164,"column":15},"end":{"line":164,"column":7829}},"47":{"start":{"line":165,"column":12},"end":{"line":165,"column":108}},"48":{"start":{"line":167,"column":12},"end":{"line":167,"column":59}},"49":{"start":{"line":169,"column":12},"end":{"line":169,"column":60}},"50":{"start":{"line":170,"column":12},"end":{"line":170,"column":8315}},"51":{"start":{"line":171,"column":16},"end":{"line":171,"column":8402}},"52":{"start":{"line":174,"column":20},"end":{"line":174,"column":70}},"53":{"start":{"line":175,"column":20},"end":{"line":175,"column":42}},"54":{"start":{"line":179,"column":16},"end":{"line":179,"column":35}},"55":{"start":{"line":180,"column":16},"end":{"line":180,"column":45}},"56":{"start":{"line":181,"column":16},"end":{"line":181,"column":49}},"57":{"start":{"line":184,"column":20},"end":{"line":184,"column":63}},"58":{"start":{"line":185,"column":20},"end":{"line":185,"column":58}},"59":{"start":{"line":186,"column":20},"end":{"line":186,"column":127}},"60":{"start":{"line":188,"column":20},"end":{"line":188,"column":121}},"61":{"start":{"line":192,"column":20},"end":{"line":192,"column":85}},"62":{"start":{"line":193,"column":20},"end":{"line":193,"column":9684}},"63":{"start":{"line":195,"column":24},"end":{"line":195,"column":115}},"64":{"start":{"line":198,"column":20},"end":{"line":198,"column":72}},"65":{"start":{"line":200,"column":20},"end":{"line":200,"column":64}},"66":{"start":{"line":203,"column":20},"end":{"line":203,"column":74}},"67":{"start":{"line":205,"column":16},"end":{"line":205,"column":10498}},"68":{"start":{"line":206,"column":20},"end":{"line":206,"column":85}},"69":{"start":{"line":208,"column":20},"end":{"line":208,"column":10814}},"70":{"start":{"line":212,"column":20},"end":{"line":212,"column":76}},"71":{"start":{"line":215,"column":20},"end":{"line":215,"column":11293}},"72":{"start":{"line":219,"column":16},"end":{"line":219,"column":11458}},"73":{"start":{"line":221,"column":20},"end":{"line":221,"column":36}},"74":{"start":{"line":228,"column":12},"end":{"line":228,"column":71}},"75":{"start":{"line":230,"column":12},"end":{"line":230,"column":60}},"76":{"start":{"line":232,"column":8},"end":{"line":232,"column":46}},"77":{"start":{"line":236,"column":8},"end":{"line":236,"column":12012}},"78":{"start":{"line":237,"column":12},"end":{"line":237,"column":18}},"79":{"start":{"line":239,"column":8},"end":{"line":239,"column":80}},"80":{"start":{"line":240,"column":8},"end":{"line":240,"column":74}},"81":{"start":{"line":241,"column":8},"end":{"line":241,"column":12244}},"82":{"start":{"line":242,"column":12},"end":{"line":242,"column":12276}},"83":{"start":{"line":256,"column":8},"end":{"line":256,"column":28}},"84":{"start":{"line":260,"column":8},"end":{"line":260,"column":47}}},"branchMap":{"1":{"line":56,"type":"if","locations":[{"start":{"line":56,"column":8},"end":{"line":56,"column":8}},{"start":{"line":56,"column":8},"end":{"line":56,"column":8}}]},"2":{"line":81,"type":"if","locations":[{"start":{"line":81,"column":8},"end":{"line":81,"column":8}},{"start":{"line":81,"column":8},"end":{"line":81,"column":8}}]},"3":{"line":100,"type":"if","locations":[{"start":{"line":100,"column":8},"end":{"line":100,"column":8}},{"start":{"line":100,"column":8},"end":{"line":100,"column":8}}]},"4":{"line":105,"type":"if","locations":[{"start":{"line":105,"column":8},"end":{"line":105,"column":8}},{"start":{"line":105,"column":8},"end":{"line":105,"column":8}}]},"5":{"line":121,"type":"if","locations":[{"start":{"line":121,"column":8},"end":{"line":121,"column":8}},{"start":{"line":121,"column":8},"end":{"line":121,"column":8}}]},"6":{"line":122,"type":"if","locations":[{"start":{"line":122,"column":8},"end":{"line":122,"column":8}},{"start":{"line":122,"column":8},"end":{"line":122,"column":8}}]},"7":{"line":127,"type":"if","locations":[{"start":{"line":127,"column":16},"end":{"line":127,"column":16}},{"start":{"line":127,"column":16},"end":{"line":127,"column":16}}]},"8":{"line":136,"type":"if","locations":[{"start":{"line":136,"column":16},"end":{"line":136,"column":16}},{"start":{"line":136,"column":16},"end":{"line":136,"column":16}}]},"9":{"line":147,"type":"if","locations":[{"start":{"line":147,"column":15},"end":{"line":147,"column":15}},{"start":{"line":147,"column":15},"end":{"line":147,"column":15}}]},"10":{"line":154,"type":"if","locations":[{"start":{"line":154,"column":16},"end":{"line":154,"column":16}},{"start":{"line":154,"column":16},"end":{"line":154,"column":16}}]},"11":{"line":155,"type":"if","locations":[{"start":{"line":155,"column":16},"end":{"line":155,"column":16}},{"start":{"line":155,"column":16},"end":{"line":155,"column":16}}]},"12":{"line":156,"type":"if","locations":[{"start":{"line":156,"column":16},"end":{"line":156,"column":16}},{"start":{"line":156,"column":16},"end":{"line":156,"column":16}}]},"13":{"line":164,"type":"if","locations":[{"start":{"line":164,"column":15},"end":{"line":164,"column":15}},{"start":{"line":164,"column":15},"end":{"line":164,"column":15}}]},"14":{"line":165,"type":"if","locations":[{"start":{"line":165,"column":12},"end":{"line":165,"column":12}},{"start":{"line":165,"column":12},"end":{"line":165,"column":12}}]},"15":{"line":171,"type":"if","locations":[{"start":{"line":171,"column":16},"end":{"line":171,"column":16}},{"start":{"line":171,"column":16},"end":{"line":171,"column":16}}]},"16":{"line":186,"type":"if","locations":[{"start":{"line":186,"column":20},"end":{"line":186,"column":20}},{"start":{"line":186,"column":20},"end":{"line":186,"column":20}}]},"17":{"line":188,"type":"if","locations":[{"start":{"line":188,"column":20},"end":{"line":188,"column":20}},{"start":{"line":188,"column":20},"end":{"line":188,"column":20}}]},"18":{"line":193,"type":"if","locations":[{"start":{"line":193,"column":20},"end":{"line":193,"column":20}},{"start":{"line":193,"column":20},"end":{"line":193,"column":20}}]},"19":{"line":205,"type":"if","locations":[{"start":{"line":205,"column":16},"end":{"line":205,"column":16}},{"start":{"line":205,"column":16},"end":{"line":205,"column":16}}]},"20":{"line":219,"type":"if","locations":[{"start":{"line":219,"column":16},"end":{"line":219,"column":16}},{"start":{"line":219,"column":16},"end":{"line":219,"column":16}}]},"21":{"line":236,"type":"if","locations":[{"start":{"line":236,"column":8},"end":{"line":236,"column":8}},{"start":{"line":236,"column":8},"end":{"line":236,"column":8}}]},"22":{"line":241,"type":"if","locations":[{"start":{"line":241,"column":8},"end":{"line":241,"column":8}},{"start":{"line":241,"column":8},"end":{"line":241,"column":8}}]},"23":{"line":242,"type":"if","locations":[{"start":{"line":242,"column":12},"end":{"line":242,"column":12}},{"start":{"line":242,"column":12},"end":{"line":242,"column":12}}]},"24":{"line":260,"type":"if","locations":[{"start":{"line":260,"column":8},"end":{"line":260,"column":8}},{"start":{"line":260,"column":8},"end":{"line":260,"column":8}}]}}},
"contracts/ADASTRAMultisend/libraries/LibMeta.sol":{"l":{"9":0,"15":0,"21":2,"22":0,"23":0,"24":0,"29":2},"path":"/home/arro/Documenti/Work/ADASTRA/MultiSend/contracts/ADASTRAMultisend/libraries/LibMeta.sol","s":{"1":0,"2":2,"3":0,"4":0,"5":2},"b":{"1":[0,2]},"f":{"1":0,"2":0,"3":2},"fnMap":{"1":{"name":"domainSeparator","line":8,"loc":{"start":{"line":8,"column":4},"end":{"line":12,"column":4}}},"2":{"name":"getChainID","line":14,"loc":{"start":{"line":14,"column":4},"end":{"line":18,"column":4}}},"3":{"name":"msgSender","line":20,"loc":{"start":{"line":20,"column":4},"end":{"line":31,"column":4}}}},"statementMap":{"1":{"start":{"line":9,"column":8},"end":{"line":9,"column":380}},"2":{"start":{"line":21,"column":8},"end":{"line":21,"column":757}},"3":{"start":{"line":22,"column":12},"end":{"line":22,"column":41}},"4":{"start":{"line":23,"column":12},"end":{"line":23,"column":43}},"5":{"start":{"line":29,"column":12},"end":{"line":29,"column":31}}},"branchMap":{"1":{"line":21,"type":"if","locations":[{"start":{"line":21,"column":8},"end":{"line":21,"column":8}},{"start":{"line":21,"column":8},"end":{"line":21,"column":8}}]}}},
"contracts/ADASTRAMultisend/libraries/SafeMath.sol":{"l":{"8":6,"9":6,"10":6,"13":0,"14":0,"15":0,"16":0,"19":2,"20":2,"23":510,"24":510,"25":510,"28":0,"31":0,"34":0,"37":0},"path":"/home/arro/Documenti/Work/ADASTRA/MultiSend/contracts/ADASTRAMultisend/libraries/SafeMath.sol","s":{"1":6,"2":6,"3":6,"4":0,"5":0,"6":0,"7":0,"8":2,"9":2,"10":510,"11":510,"12":510,"13":0,"14":0,"15":0,"16":0},"b":{"1":[6,0],"2":[0,0],"3":[0,0],"4":[2,0],"5":[510,0]},"f":{"1":6,"2":0,"3":2,"4":510,"5":0,"6":0,"7":0,"8":0},"fnMap":{"1":{"name":"mul","line":7,"loc":{"start":{"line":7,"column":4},"end":{"line":11,"column":4}}},"2":{"name":"div","line":12,"loc":{"start":{"line":12,"column":4},"end":{"line":17,"column":4}}},"3":{"name":"sub","line":18,"loc":{"start":{"line":18,"column":4},"end":{"line":21,"column":4}}},"4":{"name":"add","line":22,"loc":{"start":{"line":22,"column":4},"end":{"line":26,"column":4}}},"5":{"name":"max64","line":27,"loc":{"start":{"line":27,"column":4},"end":{"line":29,"column":4}}},"6":{"name":"min64","line":30,"loc":{"start":{"line":30,"column":4},"end":{"line":32,"column":4}}},"7":{"name":"max256","line":33,"loc":{"start":{"line":33,"column":4},"end":{"line":35,"column":4}}},"8":{"name":"min256","line":36,"loc":{"start":{"line":36,"column":4},"end":{"line":38,"column":4}}}},"statementMap":{"1":{"start":{"line":8,"column":8},"end":{"line":8,"column":22}},"2":{"start":{"line":9,"column":8},"end":{"line":9,"column":36}},"3":{"start":{"line":10,"column":8},"end":{"line":10,"column":16}},"4":{"start":{"line":13,"column":8},"end":{"line":13,"column":21}},"5":{"start":{"line":14,"column":8},"end":{"line":14,"column":22}},"6":{"start":{"line":15,"column":8},"end":{"line":15,"column":34}},"7":{"start":{"line":16,"column":8},"end":{"line":16,"column":16}},"8":{"start":{"line":19,"column":8},"end":{"line":19,"column":22}},"9":{"start":{"line":20,"column":8},"end":{"line":20,"column":20}},"10":{"start":{"line":23,"column":8},"end":{"line":23,"column":22}},"11":{"start":{"line":24,"column":8},"end":{"line":24,"column":22}},"12":{"start":{"line":25,"column":8},"end":{"line":25,"column":16}},"13":{"start":{"line":28,"column":8},"end":{"line":28,"column":28}},"14":{"start":{"line":31,"column":8},"end":{"line":31,"column":27}},"15":{"start":{"line":34,"column":8},"end":{"line":34,"column":28}},"16":{"start":{"line":37,"column":8},"end":{"line":37,"column":27}}},"branchMap":{"1":{"line":9,"type":"if","locations":[{"start":{"line":9,"column":8},"end":{"line":9,"column":8}},{"start":{"line":9,"column":8},"end":{"line":9,"column":8}}]},"2":{"line":13,"type":"if","locations":[{"start":{"line":13,"column":8},"end":{"line":13,"column":8}},{"start":{"line":13,"column":8},"end":{"line":13,"column":8}}]},"3":{"line":15,"type":"if","locations":[{"start":{"line":15,"column":8},"end":{"line":15,"column":8}},{"start":{"line":15,"column":8},"end":{"line":15,"column":8}}]},"4":{"line":19,"type":"if","locations":[{"start":{"line":19,"column":8},"end":{"line":19,"column":8}},{"start":{"line":19,"column":8},"end":{"line":19,"column":8}}]},"5":{"line":24,"type":"if","locations":[{"start":{"line":24,"column":8},"end":{"line":24,"column":8}},{"start":{"line":24,"column":8},"end":{"line":24,"column":8}}]}}},
"contracts/ADASTRAMultisend/upgradeInitializer/InitDiamond.sol":{"l":{"36":1,"37":1,"38":1,"39":1,"40":1,"49":1,"50":1},"path":"/home/arro/Documenti/Work/ADASTRA/MultiSend/contracts/ADASTRAMultisend/upgradeInitializer/InitDiamond.sol","s":{"1":1,"2":1,"3":1,"4":1,"5":1,"6":1,"7":1},"b":{},"f":{"1":1},"fnMap":{"1":{"name":"init","line":34,"loc":{"start":{"line":34,"column":4},"end":{"line":53,"column":4}}}},"statementMap":{"1":{"start":{"line":36,"column":8},"end":{"line":36,"column":74}},"2":{"start":{"line":37,"column":8},"end":{"line":37,"column":63}},"3":{"start":{"line":38,"column":8},"end":{"line":38,"column":67}},"4":{"start":{"line":39,"column":8},"end":{"line":39,"column":69}},"5":{"start":{"line":40,"column":8},"end":{"line":40,"column":63}},"6":{"start":{"line":49,"column":8},"end":{"line":49,"column":28}},"7":{"start":{"line":50,"column":8},"end":{"line":50,"column":34}}},"branchMap":{}},
"contracts/ADASTRAMultisendSingle/Multisend.sol":{"l":{"16":3,"17":3,"21":2,"22":1,"26":0,"31":1,"35":1,"39":4,"43":1,"47":1,"48":1,"49":1,"51":1,"52":1,"54":1,"55":255,"57":1,"58":1,"63":1,"64":1,"65":1,"67":1,"68":1,"69":1,"71":1,"72":255,"74":1,"75":1,"80":1,"84":1,"85":1,"86":1,"87":1,"88":1,"89":255,"91":1,"92":1,"97":1,"101":1,"102":1,"103":1,"104":1,"105":1,"106":1,"107":255,"108":255,"110":1,"111":1},"path":"/home/arro/Documenti/Work/ADASTRA/MultiSend/contracts/ADASTRAMultisendSingle/Multisend.sol","s":{"1":3,"2":3,"3":2,"4":0,"5":1,"6":1,"7":4,"8":1,"9":1,"10":1,"11":1,"12":1,"13":1,"14":1,"15":255,"16":1,"17":1,"18":1,"19":1,"20":1,"21":1,"22":1,"23":1,"24":1,"25":255,"26":1,"27":1,"28":1,"29":1,"30":1,"31":1,"32":1,"33":1,"34":255,"35":1,"36":1,"37":1,"38":1,"39":1,"40":1,"41":1,"42":1,"43":1,"44":255,"45":255,"46":1,"47":1},"b":{"1":[1,1],"2":[4,0],"3":[1,0],"4":[1,0],"5":[1,0],"6":[255,0],"7":[1,0],"8":[1,0],"9":[1,0],"10":[255,0],"11":[1,0],"12":[1,0],"13":[1,0],"14":[1,0],"15":[1,0]},"f":{"1":3,"2":2,"3":0,"4":1,"5":1,"6":4,"7":1,"8":1,"9":1,"10":1},"fnMap":{"1":{"name":"constructor","line":15,"loc":{"start":{"line":15,"column":4},"end":{"line":18,"column":4}}},"2":{"name":"onlyAdmin","line":20,"loc":{"start":{"line":20,"column":4},"end":{"line":23,"column":4}}},"3":{"name":"setAdmn","line":25,"loc":{"start":{"line":25,"column":4},"end":{"line":27,"column":4}}},"4":{"name":"getFixedFee","line":30,"loc":{"start":{"line":30,"column":4},"end":{"line":32,"column":4}}},"5":{"name":"setFixedFee","line":34,"loc":{"start":{"line":34,"column":4},"end":{"line":36,"column":4}}},"6":{"name":"payToAdmin","line":38,"loc":{"start":{"line":38,"column":4},"end":{"line":40,"column":4}}},"7":{"name":"nativeSendSameValue","line":42,"loc":{"start":{"line":42,"column":4},"end":{"line":59,"column":4}}},"8":{"name":"nativeSendDifferentValue","line":61,"loc":{"start":{"line":61,"column":4},"end":{"line":77,"column":4}}},"9":{"name":"sendSameValue","line":79,"loc":{"start":{"line":79,"column":4},"end":{"line":94,"column":4}}},"10":{"name":"sendDifferentValue","line":96,"loc":{"start":{"line":96,"column":4},"end":{"line":113,"column":4}}}},"statementMap":{"1":{"start":{"line":16,"column":8},"end":{"line":16,"column":19}},"2":{"start":{"line":17,"column":8},"end":{"line":17,"column":25}},"3":{"start":{"line":21,"column":8},"end":{"line":21,"column":68}},"4":{"start":{"line":26,"column":8},"end":{"line":26,"column":21}},"5":{"start":{"line":31,"column":8},"end":{"line":31,"column":23}},"6":{"start":{"line":35,"column":8},"end":{"line":35,"column":23}},"7":{"start":{"line":39,"column":10},"end":{"line":39,"column":69}},"8":{"start":{"line":43,"column":8},"end":{"line":43,"column":1126}},"9":{"start":{"line":47,"column":8},"end":{"line":47,"column":48}},"10":{"start":{"line":48,"column":8},"end":{"line":48,"column":39}},"11":{"start":{"line":49,"column":5},"end":{"line":49,"column":30}},"12":{"start":{"line":51,"column":5},"end":{"line":51,"column":58}},"13":{"start":{"line":52,"column":8},"end":{"line":52,"column":55}},"14":{"start":{"line":54,"column":8},"end":{"line":54,"column":1540}},"15":{"start":{"line":55,"column":12},"end":{"line":55,"column":66}},"16":{"start":{"line":57,"column":8},"end":{"line":57,"column":19}},"17":{"start":{"line":58,"column":8},"end":{"line":58,"column":57}},"18":{"start":{"line":63,"column":8},"end":{"line":63,"column":35}},"19":{"start":{"line":64,"column":8},"end":{"line":64,"column":39}},"20":{"start":{"line":65,"column":5},"end":{"line":65,"column":30}},"21":{"start":{"line":67,"column":5},"end":{"line":67,"column":58}},"22":{"start":{"line":68,"column":8},"end":{"line":68,"column":60}},"23":{"start":{"line":69,"column":8},"end":{"line":69,"column":55}},"24":{"start":{"line":71,"column":8},"end":{"line":71,"column":2154}},"25":{"start":{"line":72,"column":12},"end":{"line":72,"column":51}},"26":{"start":{"line":74,"column":8},"end":{"line":74,"column":19}},"27":{"start":{"line":75,"column":8},"end":{"line":75,"column":57}},"28":{"start":{"line":80,"column":9},"end":{"line":80,"column":2466}},"29":{"start":{"line":84,"column":5},"end":{"line":84,"column":30}},"30":{"start":{"line":85,"column":8},"end":{"line":85,"column":55}},"31":{"start":{"line":86,"column":8},"end":{"line":86,"column":51}},"32":{"start":{"line":87,"column":8},"end":{"line":87,"column":44}},"33":{"start":{"line":88,"column":8},"end":{"line":88,"column":2775}},"34":{"start":{"line":89,"column":12},"end":{"line":89,"column":51}},"35":{"start":{"line":91,"column":8},"end":{"line":91,"column":19}},"36":{"start":{"line":92,"column":2},"end":{"line":92,"column":56}},"37":{"start":{"line":97,"column":9},"end":{"line":97,"column":3101}},"38":{"start":{"line":101,"column":5},"end":{"line":101,"column":30}},"39":{"start":{"line":102,"column":8},"end":{"line":102,"column":60}},"40":{"start":{"line":103,"column":8},"end":{"line":103,"column":55}},"41":{"start":{"line":104,"column":8},"end":{"line":104,"column":26}},"42":{"start":{"line":105,"column":8},"end":{"line":105,"column":44}},"43":{"start":{"line":106,"column":8},"end":{"line":106,"column":3451}},"44":{"start":{"line":107,"column":12},"end":{"line":107,"column":60}},"45":{"start":{"line":108,"column":9},"end":{"line":108,"column":33}},"46":{"start":{"line":110,"column":8},"end":{"line":110,"column":19}},"47":{"start":{"line":111,"column":8},"end":{"line":111,"column":62}}},"branchMap":{"1":{"line":21,"type":"if","locations":[{"start":{"line":21,"column":8},"end":{"line":21,"column":8}},{"start":{"line":21,"column":8},"end":{"line":21,"column":8}}]},"2":{"line":39,"type":"if","locations":[{"start":{"line":39,"column":10},"end":{"line":39,"column":10}},{"start":{"line":39,"column":10},"end":{"line":39,"column":10}}]},"3":{"line":43,"type":"if","locations":[{"start":{"line":43,"column":8},"end":{"line":43,"column":8}},{"start":{"line":43,"column":8},"end":{"line":43,"column":8}}]},"4":{"line":51,"type":"if","locations":[{"start":{"line":51,"column":5},"end":{"line":51,"column":5}},{"start":{"line":51,"column":5},"end":{"line":51,"column":5}}]},"5":{"line":52,"type":"if","locations":[{"start":{"line":52,"column":8},"end":{"line":52,"column":8}},{"start":{"line":52,"column":8},"end":{"line":52,"column":8}}]},"6":{"line":55,"type":"if","locations":[{"start":{"line":55,"column":12},"end":{"line":55,"column":12}},{"start":{"line":55,"column":12},"end":{"line":55,"column":12}}]},"7":{"line":67,"type":"if","locations":[{"start":{"line":67,"column":5},"end":{"line":67,"column":5}},{"start":{"line":67,"column":5},"end":{"line":67,"column":5}}]},"8":{"line":68,"type":"if","locations":[{"start":{"line":68,"column":8},"end":{"line":68,"column":8}},{"start":{"line":68,"column":8},"end":{"line":68,"column":8}}]},"9":{"line":69,"type":"if","locations":[{"start":{"line":69,"column":8},"end":{"line":69,"column":8}},{"start":{"line":69,"column":8},"end":{"line":69,"column":8}}]},"10":{"line":72,"type":"if","locations":[{"start":{"line":72,"column":12},"end":{"line":72,"column":12}},{"start":{"line":72,"column":12},"end":{"line":72,"column":12}}]},"11":{"line":80,"type":"if","locations":[{"start":{"line":80,"column":9},"end":{"line":80,"column":9}},{"start":{"line":80,"column":9},"end":{"line":80,"column":9}}]},"12":{"line":85,"type":"if","locations":[{"start":{"line":85,"column":8},"end":{"line":85,"column":8}},{"start":{"line":85,"column":8},"end":{"line":85,"column":8}}]},"13":{"line":97,"type":"if","locations":[{"start":{"line":97,"column":9},"end":{"line":97,"column":9}},{"start":{"line":97,"column":9},"end":{"line":97,"column":9}}]},"14":{"line":102,"type":"if","locations":[{"start":{"line":102,"column":8},"end":{"line":102,"column":8}},{"start":{"line":102,"column":8},"end":{"line":102,"column":8}}]},"15":{"line":103,"type":"if","locations":[{"start":{"line":103,"column":8},"end":{"line":103,"column":8}},{"start":{"line":103,"column":8},"end":{"line":103,"column":8}}]}}},
"contracts/TESTErc20/TestERC20.sol":{"l":{"19":2070,"23":0,"24":0,"52":6,"53":6,"54":6,"61":0,"68":6,"69":6,"80":0,"81":0,"89":0,"90":0,"91":0,"198":1046,"199":1046,"201":1046,"215":0,"229":2044,"230":2044,"232":2044,"249":0,"250":0,"253":0,"254":0,"256":0,"272":0,"288":0,"289":0,"292":0,"308":0,"324":0,"325":0,"380":6,"381":6,"382":6,"389":0,"397":0,"414":0,"421":6,"428":2048,"440":4,"441":4,"448":0,"459":0,"460":0,"477":1020,"478":1020,"479":1020,"495":4,"496":4,"514":0,"515":0,"533":1024,"534":1024,"536":1024,"538":1024,"539":1024,"540":1024,"553":6,"555":6,"557":6,"558":6,"559":6,"574":0,"576":0,"578":0,"579":0,"580":0,"597":1024,"598":1024,"600":1024,"601":1024,"612":6,"647":6,"648":6,"655":0,"666":1030,"668":1030,"669":6,"695":0,"696":0,"703":0,"715":0,"724":0,"731":0,"733":0,"754":6,"755":6,"767":6,"776":0,"783":1030},"path":"/home/arro/Documenti/Work/ADASTRA/MultiSend/contracts/TESTErc20/TestERC20.sol","s":{"1":2070,"2":0,"3":6,"4":6,"5":6,"6":0,"7":6,"8":0,"9":0,"10":0,"11":0,"12":0,"13":1046,"14":1046,"15":1046,"16":0,"17":2044,"18":2044,"19":2044,"20":0,"21":0,"22":0,"23":0,"24":0,"25":0,"26":0,"27":0,"28":0,"29":0,"30":0,"31":0,"32":6,"33":6,"34":6,"35":0,"36":0,"37":0,"38":6,"39":2048,"40":4,"41":4,"42":0,"43":0,"44":0,"45":1020,"46":1020,"47":1020,"48":4,"49":4,"50":0,"51":0,"52":1024,"53":1024,"54":1024,"55":1024,"56":1024,"57":1024,"58":6,"59":6,"60":6,"61":6,"62":6,"63":0,"64":0,"65":0,"66":0,"67":0,"68":1024,"69":1024,"70":1024,"71":1024,"72":6,"73":6,"74":6,"75":0,"76":1030,"77":1030,"78":6,"79":0,"80":0,"81":0,"82":0,"83":0,"84":0,"85":6,"86":6,"87":6,"88":0,"89":1030},"b":{"1":[6,0],"2":[0,0],"3":[1046,0],"4":[2044,0],"5":[0,0],"6":[0,0],"7":[0,0],"8":[0,0],"9":[1024,0],"10":[1024,0],"11":[6,0],"12":[0,0],"13":[1024,0],"14":[1024,0],"15":[6,0],"16":[6,1024],"17":[6,0],"18":[0,0]},"f":{"1":2070,"2":0,"3":6,"4":0,"5":6,"6":0,"7":0,"8":1046,"9":0,"10":2044,"11":0,"12":0,"13":0,"14":0,"15":0,"16":6,"17":0,"18":0,"19":0,"20":6,"21":2048,"22":4,"23":0,"24":0,"25":1020,"26":4,"27":0,"28":1024,"29":6,"30":0,"31":1024,"32":6,"33":1030,"34":6,"35":0,"36":1030,"37":0,"38":0,"39":0,"40":0,"41":0,"42":6,"43":6,"44":0,"45":1030},"fnMap":{"1":{"name":"_msgSender","line":18,"loc":{"start":{"line":18,"column":4},"end":{"line":20,"column":4}}},"2":{"name":"_msgData","line":22,"loc":{"start":{"line":22,"column":4},"end":{"line":25,"column":4}}},"3":{"name":"constructor","line":51,"loc":{"start":{"line":51,"column":4},"end":{"line":55,"column":4}}},"4":{"name":"owner","line":60,"loc":{"start":{"line":60,"column":4},"end":{"line":62,"column":4}}},"5":{"name":"onlyOwner","line":67,"loc":{"start":{"line":67,"column":4},"end":{"line":70,"column":4}}},"6":{"name":"renounceOwnership","line":79,"loc":{"start":{"line":79,"column":4},"end":{"line":82,"column":4}}},"7":{"name":"transferOwnership","line":88,"loc":{"start":{"line":88,"column":4},"end":{"line":92,"column":4}}},"8":{"name":"add","line":197,"loc":{"start":{"line":197,"column":4},"end":{"line":202,"column":4}}},"9":{"name":"sub","line":214,"loc":{"start":{"line":214,"column":4},"end":{"line":216,"column":4}}},"10":{"name":"sub","line":228,"loc":{"start":{"line":228,"column":4},"end":{"line":233,"column":4}}},"11":{"name":"mul","line":245,"loc":{"start":{"line":245,"column":4},"end":{"line":257,"column":4}}},"12":{"name":"div","line":271,"loc":{"start":{"line":271,"column":4},"end":{"line":273,"column":4}}},"13":{"name":"div","line":287,"loc":{"start":{"line":287,"column":4},"end":{"line":293,"column":4}}},"14":{"name":"mod","line":307,"loc":{"start":{"line":307,"column":4},"end":{"line":309,"column":4}}},"15":{"name":"mod","line":323,"loc":{"start":{"line":323,"column":4},"end":{"line":326,"column":4}}},"16":{"name":"constructor","line":379,"loc":{"start":{"line":379,"column":4},"end":{"line":383,"column":4}}},"17":{"name":"name","line":388,"loc":{"start":{"line":388,"column":4},"end":{"line":390,"column":4}}},"18":{"name":"symbol","line":396,"loc":{"start":{"line":396,"column":4},"end":{"line":398,"column":4}}},"19":{"name":"decimals","line":413,"loc":{"start":{"line":413,"column":4},"end":{"line":415,"column":4}}},"20":{"name":"totalSupply","line":420,"loc":{"start":{"line":420,"column":4},"end":{"line":422,"column":4}}},"21":{"name":"balanceOf","line":427,"loc":{"start":{"line":427,"column":4},"end":{"line":429,"column":4}}},"22":{"name":"transfer","line":439,"loc":{"start":{"line":439,"column":4},"end":{"line":442,"column":4}}},"23":{"name":"allowance","line":447,"loc":{"start":{"line":447,"column":4},"end":{"line":449,"column":4}}},"24":{"name":"approve","line":458,"loc":{"start":{"line":458,"column":4},"end":{"line":461,"column":4}}},"25":{"name":"transferFrom","line":476,"loc":{"start":{"line":476,"column":4},"end":{"line":480,"column":4}}},"26":{"name":"increaseAllowance","line":494,"loc":{"start":{"line":494,"column":4},"end":{"line":497,"column":4}}},"27":{"name":"decreaseAllowance","line":513,"loc":{"start":{"line":513,"column":4},"end":{"line":516,"column":4}}},"28":{"name":"_transfer","line":532,"loc":{"start":{"line":532,"column":4},"end":{"line":541,"column":4}}},"29":{"name":"_mint","line":552,"loc":{"start":{"line":552,"column":4},"end":{"line":560,"column":4}}},"30":{"name":"_burn","line":573,"loc":{"start":{"line":573,"column":4},"end":{"line":581,"column":4}}},"31":{"name":"_approve","line":596,"loc":{"start":{"line":596,"column":4},"end":{"line":602,"column":4}}},"32":{"name":"_setupDecimals","line":611,"loc":{"start":{"line":611,"column":4},"end":{"line":613,"column":4}}},"33":{"name":"_beforeTokenTransfer","line":629,"loc":{"start":{"line":629,"column":4},"end":{"line":629,"column":95}}},"34":{"name":"constructor","line":646,"loc":{"start":{"line":646,"column":4},"end":{"line":649,"column":4}}},"35":{"name":"cap","line":654,"loc":{"start":{"line":654,"column":4},"end":{"line":656,"column":4}}},"36":{"name":"_beforeTokenTransfer","line":665,"loc":{"start":{"line":665,"column":4},"end":{"line":671,"column":4}}},"37":{"name":"canMint","line":694,"loc":{"start":{"line":694,"column":4},"end":{"line":697,"column":4}}},"38":{"name":"mintingFinished","line":702,"loc":{"start":{"line":702,"column":4},"end":{"line":704,"column":4}}},"39":{"name":"mint","line":714,"loc":{"start":{"line":714,"column":4},"end":{"line":716,"column":4}}},"40":{"name":"finishMinting","line":723,"loc":{"start":{"line":723,"column":4},"end":{"line":725,"column":4}}},"41":{"name":"_finishMinting","line":730,"loc":{"start":{"line":730,"column":4},"end":{"line":734,"column":4}}},"42":{"name":"constructor","line":752,"loc":{"start":{"line":744,"column":4},"end":{"line":756,"column":4}}},"43":{"name":"_mint","line":766,"loc":{"start":{"line":766,"column":4},"end":{"line":768,"column":4}}},"44":{"name":"_finishMinting","line":775,"loc":{"start":{"line":775,"column":4},"end":{"line":777,"column":4}}},"45":{"name":"_beforeTokenTransfer","line":782,"loc":{"start":{"line":782,"column":4},"end":{"line":784,"column":4}}}},"statementMap":{"1":{"start":{"line":19,"column":8},"end":{"line":19,"column":25}},"2":{"start":{"line":24,"column":8},"end":{"line":24,"column":23}},"3":{"start":{"line":52,"column":8},"end":{"line":52,"column":40}},"4":{"start":{"line":53,"column":8},"end":{"line":53,"column":25}},"5":{"start":{"line":54,"column":8},"end":{"line":54,"column":56}},"6":{"start":{"line":61,"column":8},"end":{"line":61,"column":21}},"7":{"start":{"line":68,"column":8},"end":{"line":68,"column":74}},"8":{"start":{"line":80,"column":8},"end":{"line":80,"column":53}},"9":{"start":{"line":81,"column":8},"end":{"line":81,"column":26}},"10":{"start":{"line":89,"column":8},"end":{"line":89,"column":80}},"11":{"start":{"line":90,"column":8},"end":{"line":90,"column":51}},"12":{"start":{"line":91,"column":8},"end":{"line":91,"column":24}},"13":{"start":{"line":198,"column":8},"end":{"line":198,"column":25}},"14":{"start":{"line":199,"column":8},"end":{"line":199,"column":53}},"15":{"start":{"line":201,"column":8},"end":{"line":201,"column":16}},"16":{"start":{"line":215,"column":8},"end":{"line":215,"column":58}},"17":{"start":{"line":229,"column":8},"end":{"line":229,"column":36}},"18":{"start":{"line":230,"column":8},"end":{"line":230,"column":25}},"19":{"start":{"line":232,"column":8},"end":{"line":232,"column":16}},"20":{"start":{"line":249,"column":8},"end":{"line":249,"column":8345}},"21":{"start":{"line":250,"column":12},"end":{"line":250,"column":20}},"22":{"start":{"line":253,"column":8},"end":{"line":253,"column":25}},"23":{"start":{"line":254,"column":8},"end":{"line":254,"column":63}},"24":{"start":{"line":256,"column":8},"end":{"line":256,"column":16}},"25":{"start":{"line":272,"column":8},"end":{"line":272,"column":54}},"26":{"start":{"line":288,"column":8},"end":{"line":288,"column":35}},"27":{"start":{"line":289,"column":8},"end":{"line":289,"column":25}},"28":{"start":{"line":292,"column":8},"end":{"line":292,"column":16}},"29":{"start":{"line":308,"column":8},"end":{"line":308,"column":52}},"30":{"start":{"line":324,"column":8},"end":{"line":324,"column":36}},"31":{"start":{"line":325,"column":8},"end":{"line":325,"column":20}},"32":{"start":{"line":380,"column":8},"end":{"line":380,"column":20}},"33":{"start":{"line":381,"column":8},"end":{"line":381,"column":24}},"34":{"start":{"line":382,"column":8},"end":{"line":382,"column":21}},"35":{"start":{"line":389,"column":8},"end":{"line":389,"column":20}},"36":{"start":{"line":397,"column":8},"end":{"line":397,"column":22}},"37":{"start":{"line":414,"column":8},"end":{"line":414,"column":24}},"38":{"start":{"line":421,"column":8},"end":{"line":421,"column":27}},"39":{"start":{"line":428,"column":8},"end":{"line":428,"column":33}},"40":{"start":{"line":440,"column":8},"end":{"line":440,"column":49}},"41":{"start":{"line":441,"column":8},"end":{"line":441,"column":19}},"42":{"start":{"line":448,"column":8},"end":{"line":448,"column":42}},"43":{"start":{"line":459,"column":8},"end":{"line":459,"column":46}},"44":{"start":{"line":460,"column":8},"end":{"line":460,"column":19}},"45":{"start":{"line":477,"column":8},"end":{"line":477,"column":43}},"46":{"start":{"line":478,"column":8},"end":{"line":478,"column":128}},"47":{"start":{"line":479,"column":8},"end":{"line":479,"column":19}},"48":{"start":{"line":495,"column":8},"end":{"line":495,"column":90}},"49":{"start":{"line":496,"column":8},"end":{"line":496,"column":19}},"50":{"start":{"line":514,"column":8},"end":{"line":514,"column":136}},"51":{"start":{"line":515,"column":8},"end":{"line":515,"column":19}},"52":{"start":{"line":533,"column":8},"end":{"line":533,"column":77}},"53":{"start":{"line":534,"column":8},"end":{"line":534,"column":78}},"54":{"start":{"line":536,"column":8},"end":{"line":536,"column":54}},"55":{"start":{"line":538,"column":8},"end":{"line":538,"column":98}},"56":{"start":{"line":539,"column":8},"end":{"line":539,"column":62}},"57":{"start":{"line":540,"column":8},"end":{"line":540,"column":48}},"58":{"start":{"line":553,"column":8},"end":{"line":553,"column":72}},"59":{"start":{"line":555,"column":8},"end":{"line":555,"column":56}},"60":{"start":{"line":557,"column":8},"end":{"line":557,"column":46}},"61":{"start":{"line":558,"column":8},"end":{"line":558,"column":58}},"62":{"start":{"line":559,"column":8},"end":{"line":559,"column":50}},"63":{"start":{"line":574,"column":8},"end":{"line":574,"column":74}},"64":{"start":{"line":576,"column":8},"end":{"line":576,"column":56}},"65":{"start":{"line":578,"column":8},"end":{"line":578,"column":96}},"66":{"start":{"line":579,"column":8},"end":{"line":579,"column":46}},"67":{"start":{"line":580,"column":8},"end":{"line":580,"column":50}},"68":{"start":{"line":597,"column":8},"end":{"line":597,"column":75}},"69":{"start":{"line":598,"column":8},"end":{"line":598,"column":75}},"70":{"start":{"line":600,"column":8},"end":{"line":600,"column":43}},"71":{"start":{"line":601,"column":8},"end":{"line":601,"column":45}},"72":{"start":{"line":612,"column":8},"end":{"line":612,"column":28}},"73":{"start":{"line":647,"column":8},"end":{"line":647,"column":49}},"74":{"start":{"line":648,"column":8},"end":{"line":648,"column":18}},"75":{"start":{"line":655,"column":8},"end":{"line":655,"column":19}},"76":{"start":{"line":666,"column":8},"end":{"line":666,"column":51}},"77":{"start":{"line":668,"column":8},"end":{"line":668,"column":22693}},"78":{"start":{"line":669,"column":12},"end":{"line":669,"column":82}},"79":{"start":{"line":695,"column":8},"end":{"line":695,"column":71}},"80":{"start":{"line":703,"column":8},"end":{"line":703,"column":31}},"81":{"start":{"line":715,"column":8},"end":{"line":715,"column":29}},"82":{"start":{"line":724,"column":8},"end":{"line":724,"column":23}},"83":{"start":{"line":731,"column":8},"end":{"line":731,"column":30}},"84":{"start":{"line":733,"column":8},"end":{"line":733,"column":27}},"85":{"start":{"line":754,"column":8},"end":{"line":754,"column":31}},"86":{"start":{"line":755,"column":8},"end":{"line":755,"column":42}},"87":{"start":{"line":767,"column":8},"end":{"line":767,"column":35}},"88":{"start":{"line":776,"column":8},"end":{"line":776,"column":29}},"89":{"start":{"line":783,"column":8},"end":{"line":783,"column":51}}},"branchMap":{"1":{"line":68,"type":"if","locations":[{"start":{"line":68,"column":8},"end":{"line":68,"column":8}},{"start":{"line":68,"column":8},"end":{"line":68,"column":8}}]},"2":{"line":89,"type":"if","locations":[{"start":{"line":89,"column":8},"end":{"line":89,"column":8}},{"start":{"line":89,"column":8},"end":{"line":89,"column":8}}]},"3":{"line":199,"type":"if","locations":[{"start":{"line":199,"column":8},"end":{"line":199,"column":8}},{"start":{"line":199,"column":8},"end":{"line":199,"column":8}}]},"4":{"line":229,"type":"if","locations":[{"start":{"line":229,"column":8},"end":{"line":229,"column":8}},{"start":{"line":229,"column":8},"end":{"line":229,"column":8}}]},"5":{"line":249,"type":"if","locations":[{"start":{"line":249,"column":8},"end":{"line":249,"column":8}},{"start":{"line":249,"column":8},"end":{"line":249,"column":8}}]},"6":{"line":254,"type":"if","locations":[{"start":{"line":254,"column":8},"end":{"line":254,"column":8}},{"start":{"line":254,"column":8},"end":{"line":254,"column":8}}]},"7":{"line":288,"type":"if","locations":[{"start":{"line":288,"column":8},"end":{"line":288,"column":8}},{"start":{"line":288,"column":8},"end":{"line":288,"column":8}}]},"8":{"line":324,"type":"if","locations":[{"start":{"line":324,"column":8},"end":{"line":324,"column":8}},{"start":{"line":324,"column":8},"end":{"line":324,"column":8}}]},"9":{"line":533,"type":"if","locations":[{"start":{"line":533,"column":8},"end":{"line":533,"column":8}},{"start":{"line":533,"column":8},"end":{"line":533,"column":8}}]},"10":{"line":534,"type":"if","locations":[{"start":{"line":534,"column":8},"end":{"line":534,"column":8}},{"start":{"line":534,"column":8},"end":{"line":534,"column":8}}]},"11":{"line":553,"type":"if","locations":[{"start":{"line":553,"column":8},"end":{"line":553,"column":8}},{"start":{"line":553,"column":8},"end":{"line":553,"column":8}}]},"12":{"line":574,"type":"if","locations":[{"start":{"line":574,"column":8},"end":{"line":574,"column":8}},{"start":{"line":574,"column":8},"end":{"line":574,"column":8}}]},"13":{"line":597,"type":"if","locations":[{"start":{"line":597,"column":8},"end":{"line":597,"column":8}},{"start":{"line":597,"column":8},"end":{"line":597,"column":8}}]},"14":{"line":598,"type":"if","locations":[{"start":{"line":598,"column":8},"end":{"line":598,"column":8}},{"start":{"line":598,"column":8},"end":{"line":598,"column":8}}]},"15":{"line":647,"type":"if","locations":[{"start":{"line":647,"column":8},"end":{"line":647,"column":8}},{"start":{"line":647,"column":8},"end":{"line":647,"column":8}}]},"16":{"line":668,"type":"if","locations":[{"start":{"line":668,"column":8},"end":{"line":668,"column":8}},{"start":{"line":668,"column":8},"end":{"line":668,"column":8}}]},"17":{"line":669,"type":"if","locations":[{"start":{"line":669,"column":12},"end":{"line":669,"column":12}},{"start":{"line":669,"column":12},"end":{"line":669,"column":12}}]},"18":{"line":695,"type":"if","locations":[{"start":{"line":695,"column":8},"end":{"line":695,"column":8}},{"start":{"line":695,"column":8},"end":{"line":695,"column":8}}]}}}}
