TN:
SF:/home/arro/Documenti/Work/ADASTRA/MultiSend/contracts/ADASTRAMultisend/Diamond.sol
FN:16,constructor
FN:33,
FNF:2
FNH:2
FNDA:3,constructor
FNDA:8,
DA:17,3
DA:20,3
DA:21,3
DA:22,3
DA:23,3
DA:28,3
DA:34,8
DA:35,8
DA:37,8
DA:41,8
DA:42,8
DA:44,8
LF:12
LH:12
BRDA:42,1,0,8
BRDA:42,1,1,0
BRF:2
BRH:1
end_of_record
TN:
SF:/home/arro/Documenti/Work/ADASTRA/MultiSend/contracts/ADASTRAMultisend/facets/DiamondCutFacet.sol
FN:22,diamondCut
FNF:1
FNH:1
FNDA:1,diamondCut
DA:27,1
DA:28,1
DA:29,1
DA:30,1
DA:31,1
DA:34,1
DA:37,1
DA:40,1
DA:41,4
DA:49,4
DA:50,4
DA:53,1
DA:54,1
DA:58,1
DA:60,1
DA:62,1
DA:63,1
LF:17
LH:17
BRDA:34,1,0,1
BRDA:34,1,1,0
BRDA:53,2,0,1
BRDA:53,2,1,0
BRDA:58,3,0,1
BRDA:58,3,1,0
BRF:6
BRH:3
end_of_record
TN:
SF:/home/arro/Documenti/Work/ADASTRA/MultiSend/contracts/ADASTRAMultisend/facets/DiamondLoupeFacet.sol
FN:26,facets
FN:81,facetFunctionSelectors
FN:111,facetAddresses
FN:151,facetAddress
FN:157,supportsInterface
FNF:5
FNH:0
FNDA:0,facets
FNDA:0,facetFunctionSelectors
FNDA:0,facetAddresses
FNDA:0,facetAddress
FNDA:0,supportsInterface
DA:27,0
DA:28,0
DA:29,0
DA:30,0
DA:31,0
DA:33,0
DA:34,0
DA:35,0
DA:36,0
DA:37,0
DA:38,0
DA:41,0
DA:42,0
DA:43,0
DA:44,0
DA:45,0
DA:46,0
DA:48,0
DA:49,0
DA:50,0
DA:51,0
DA:54,0
DA:55,0
DA:57,0
DA:58,0
DA:59,0
DA:60,0
DA:61,0
DA:64,0
DA:65,0
DA:66,0
DA:68,0
DA:73,0
DA:82,0
DA:83,0
DA:84,0
DA:85,0
DA:87,0
DA:88,0
DA:89,0
DA:90,0
DA:91,0
DA:92,0
DA:95,0
DA:96,0
DA:97,0
DA:98,0
DA:99,0
DA:104,0
DA:112,0
DA:113,0
DA:114,0
DA:115,0
DA:117,0
DA:118,0
DA:119,0
DA:120,0
DA:121,0
DA:122,0
DA:125,0
DA:126,0
DA:127,0
DA:128,0
DA:129,0
DA:130,0
DA:131,0
DA:134,0
DA:135,0
DA:137,0
DA:138,0
DA:142,0
DA:152,0
DA:153,0
DA:158,0
DA:159,0
LF:75
LH:0
BRDA:37,1,0,0
BRDA:37,1,1,0
BRDA:45,2,0,0
BRDA:45,2,1,0
BRDA:48,3,0,0
BRDA:48,3,1,0
BRDA:54,4,0,0
BRDA:54,4,1,0
BRDA:91,5,0,0
BRDA:91,5,1,0
BRDA:97,6,0,0
BRDA:97,6,1,0
BRDA:121,7,0,0
BRDA:121,7,1,0
BRDA:129,8,0,0
BRDA:129,8,1,0
BRDA:134,9,0,0
BRDA:134,9,1,0
BRF:18
BRH:0
end_of_record
TN:
SF:/home/arro/Documenti/Work/ADASTRA/MultiSend/contracts/ADASTRAMultisend/facets/ManagementFacet.sol
FN:12,getFixedFee
FN:16,setFixedFee
FNF:2
FNH:2
FNDA:1,getFixedFee
FNDA:1,setFixedFee
DA:13,1
DA:17,1
LF:2
LH:2
BRF:0
BRH:0
end_of_record
TN:
SF:/home/arro/Documenti/Work/ADASTRA/MultiSend/contracts/ADASTRAMultisend/facets/MultisendFacet.sol
FN:14,payToAdmin
FN:18,nativeSendSameValue
FN:37,nativeSendDifferentValue
FN:55,sendSameValue
FN:72,sendDifferentValue
FNF:5
FNH:5
FNDA:4,payToAdmin
FNDA:1,nativeSendSameValue
FNDA:1,nativeSendDifferentValue
FNDA:1,sendSameValue
FNDA:1,sendDifferentValue
DA:15,4
DA:19,1
DA:23,1
DA:24,1
DA:25,1
DA:27,1
DA:28,1
DA:30,1
DA:31,255
DA:33,1
DA:34,1
DA:39,1
DA:40,1
DA:41,1
DA:43,1
DA:44,1
DA:45,1
DA:47,1
DA:48,255
DA:50,1
DA:51,1
DA:56,1
DA:60,1
DA:61,1
DA:62,1
DA:63,1
DA:64,1
DA:65,255
DA:67,1
DA:68,1
DA:73,1
DA:77,1
DA:78,1
DA:79,1
DA:80,1
DA:81,1
DA:82,1
DA:83,255
DA:84,255
DA:86,1
DA:87,1
LF:41
LH:41
BRDA:15,1,0,4
BRDA:15,1,1,0
BRDA:19,2,0,1
BRDA:19,2,1,0
BRDA:27,3,0,1
BRDA:27,3,1,0
BRDA:28,4,0,1
BRDA:28,4,1,0
BRDA:31,5,0,255
BRDA:31,5,1,0
BRDA:43,6,0,1
BRDA:43,6,1,0
BRDA:44,7,0,1
BRDA:44,7,1,0
BRDA:45,8,0,1
BRDA:45,8,1,0
BRDA:48,9,0,255
BRDA:48,9,1,0
BRDA:56,10,0,1
BRDA:56,10,1,0
BRDA:61,11,0,1
BRDA:61,11,1,0
BRDA:73,12,0,1
BRDA:73,12,1,0
BRDA:78,13,0,1
BRDA:78,13,1,0
BRDA:79,14,0,1
BRDA:79,14,1,0
BRF:28
BRH:14
end_of_record
TN:
SF:/home/arro/Documenti/Work/ADASTRA/MultiSend/contracts/ADASTRAMultisend/facets/OwnershipFacet.sol
FN:10,transferOwnership
FN:15,owner
FNF:2
FNH:0
FNDA:0,transferOwnership
FNDA:0,owner
DA:11,0
DA:12,0
DA:16,0
LF:3
LH:0
BRF:0
BRH:0
end_of_record
TN:
SF:/home/arro/Documenti/Work/ADASTRA/MultiSend/contracts/ADASTRAMultisend/interfaces/IDiamondCut.sol
FNF:0
FNH:0
LF:0
LH:0
BRF:0
BRH:0
end_of_record
TN:
SF:/home/arro/Documenti/Work/ADASTRA/MultiSend/contracts/ADASTRAMultisend/interfaces/IDiamondLoupe.sol
FNF:0
FNH:0
LF:0
LH:0
BRF:0
BRH:0
end_of_record
TN:
SF:/home/arro/Documenti/Work/ADASTRA/MultiSend/contracts/ADASTRAMultisend/interfaces/IERC165.sol
FNF:0
FNH:0
LF:0
LH:0
BRF:0
BRH:0
end_of_record
TN:
SF:/home/arro/Documenti/Work/ADASTRA/MultiSend/contracts/ADASTRAMultisend/interfaces/IERC173.sol
FNF:0
FNH:0
LF:0
LH:0
BRF:0
BRH:0
end_of_record
TN:
SF:/home/arro/Documenti/Work/ADASTRA/MultiSend/contracts/ADASTRAMultisend/interfaces/IERC20.sol
FNF:0
FNH:0
LF:0
LH:0
BRF:0
BRH:0
end_of_record
TN:
SF:/home/arro/Documenti/Work/ADASTRA/MultiSend/contracts/ADASTRAMultisend/libraries/LibAppStorage.sol
FN:15,diamondStorage
FN:28,onlyOwnerOrAdmin
FNF:2
FNH:1
FNDA:0,diamondStorage
FNDA:2,onlyOwnerOrAdmin
DA:16,0
DA:29,2
DA:30,2
DA:35,1
LF:4
LH:3
BRDA:30,1,0,1
BRDA:30,1,1,1
BRF:2
BRH:2
end_of_record
TN:
SF:/home/arro/Documenti/Work/ADASTRA/MultiSend/contracts/ADASTRAMultisend/libraries/LibDiamond.sol
FN:35,diamondStorage
FN:44,setContractOwner
FN:51,contractOwner
FN:55,enforceIsContractOwner
FN:70,diamondCut
FN:113,addReplaceRemoveFacetSelectors
FN:235,initializeDiamondCut
FN:255,enforceHasContractCode
FNF:8
FNH:8
FNDA:17,diamondStorage
FNDA:3,setContractOwner
FNDA:1,contractOwner
FNDA:1,enforceIsContractOwner
FNDA:3,diamondCut
FNDA:7,addReplaceRemoveFacetSelectors
FNDA:4,initializeDiamondCut
FNDA:8,enforceHasContractCode
DA:36,17
DA:37,17
DA:45,3
DA:46,3
DA:47,3
DA:48,3
DA:52,1
DA:56,1
DA:75,3
DA:76,3
DA:77,3
DA:78,3
DA:81,3
DA:84,0
DA:87,3
DA:88,3
DA:96,3
DA:97,3
DA:100,3
DA:101,3
DA:105,3
DA:107,3
DA:109,3
DA:110,3
DA:120,7
DA:121,7
DA:122,7
DA:123,7
DA:124,7
DA:125,16
DA:126,16
DA:127,16
DA:129,16
DA:132,16
DA:134,16
DA:136,16
DA:138,1
DA:139,1
DA:141,16
DA:143,16
DA:144,16
DA:148,0
DA:149,0
DA:150,0
DA:151,0
DA:152,0
DA:154,0
DA:155,0
DA:156,0
DA:158,0
DA:160,0
DA:161,0
DA:165,0
DA:167,0
DA:169,0
DA:170,0
DA:171,0
DA:173,0
DA:174,0
DA:175,0
DA:177,0
DA:179,0
DA:180,0
DA:181,0
DA:183,0
DA:184,0
DA:185,0
DA:186,0
DA:188,0
DA:192,0
DA:193,0
DA:195,0
DA:197,0
DA:198,0
DA:200,0
DA:203,0
DA:205,0
DA:206,0
DA:208,0
DA:212,0
DA:215,0
DA:219,0
DA:220,0
DA:221,0
DA:224,0
DA:225,0
DA:228,0
DA:230,0
DA:232,7
DA:236,4
DA:237,3
DA:239,1
DA:240,1
DA:241,1
DA:242,0
DA:245,0
DA:250,0
DA:256,8
DA:257,8
DA:260,8
LF:100
LH:49
BRDA:56,1,0,1
BRDA:56,1,1,0
BRDA:81,2,0,0
BRDA:81,2,1,3
BRDA:100,3,0,3
BRDA:100,3,1,0
BRDA:105,4,0,3
BRDA:105,4,1,0
BRDA:121,5,0,7
BRDA:121,5,1,0
BRDA:122,6,0,7
BRDA:122,6,1,0
BRDA:127,7,0,16
BRDA:127,7,1,0
BRDA:136,8,0,1
BRDA:136,8,1,15
BRDA:147,9,0,0
BRDA:147,9,1,0
BRDA:154,10,0,0
BRDA:154,10,1,0
BRDA:155,11,0,0
BRDA:155,11,1,0
BRDA:156,12,0,0
BRDA:156,12,1,0
BRDA:164,13,0,0
BRDA:164,13,1,0
BRDA:165,14,0,0
BRDA:165,14,1,0
BRDA:171,15,0,0
BRDA:171,15,1,0
BRDA:186,16,0,0
BRDA:186,16,1,0
BRDA:188,17,0,0
BRDA:188,17,1,0
BRDA:193,18,0,0
BRDA:193,18,1,0
BRDA:205,19,0,0
BRDA:205,19,1,0
BRDA:219,20,0,0
BRDA:219,20,1,0
BRDA:236,21,0,3
BRDA:236,21,1,1
BRDA:241,22,0,0
BRDA:241,22,1,1
BRDA:242,23,0,0
BRDA:242,23,1,0
BRDA:260,24,0,8
BRDA:260,24,1,0
BRF:48
BRH:13
end_of_record
TN:
SF:/home/arro/Documenti/Work/ADASTRA/MultiSend/contracts/ADASTRAMultisend/libraries/LibMeta.sol
FN:8,domainSeparator
FN:14,getChainID
FN:20,msgSender
FNF:3
FNH:1
FNDA:0,domainSeparator
FNDA:0,getChainID
FNDA:2,msgSender
DA:9,0
DA:15,0
DA:21,2
DA:22,0
DA:23,0
DA:24,0
DA:29,2
LF:7
LH:2
BRDA:21,1,0,0
BRDA:21,1,1,2
BRF:2
BRH:1
end_of_record
TN:
SF:/home/arro/Documenti/Work/ADASTRA/MultiSend/contracts/ADASTRAMultisend/libraries/SafeMath.sol
FN:7,mul
FN:12,div
FN:18,sub
FN:22,add
FN:27,max64
FN:30,min64
FN:33,max256
FN:36,min256
FNF:8
FNH:3
FNDA:6,mul
FNDA:0,div
FNDA:2,sub
FNDA:510,add
FNDA:0,max64
FNDA:0,min64
FNDA:0,max256
FNDA:0,min256
DA:8,6
DA:9,6
DA:10,6
DA:13,0
DA:14,0
DA:15,0
DA:16,0
DA:19,2
DA:20,2
DA:23,510
DA:24,510
DA:25,510
DA:28,0
DA:31,0
DA:34,0
DA:37,0
LF:16
LH:8
BRDA:9,1,0,6
BRDA:9,1,1,0
BRDA:13,2,0,0
BRDA:13,2,1,0
BRDA:15,3,0,0
BRDA:15,3,1,0
BRDA:19,4,0,2
BRDA:19,4,1,0
BRDA:24,5,0,510
BRDA:24,5,1,0
BRF:10
BRH:3
end_of_record
TN:
SF:/home/arro/Documenti/Work/ADASTRA/MultiSend/contracts/ADASTRAMultisend/upgradeInitializer/InitDiamond.sol
FN:34,init
FNF:1
FNH:1
FNDA:1,init
DA:36,1
DA:37,1
DA:38,1
DA:39,1
DA:40,1
DA:49,1
DA:50,1
LF:7
LH:7
BRF:0
BRH:0
end_of_record
TN:
SF:/home/arro/Documenti/Work/ADASTRA/MultiSend/contracts/ADASTRAMultisendSingle/Multisend.sol
FN:15,constructor
FN:20,onlyAdmin
FN:25,setAdmn
FN:30,getFixedFee
FN:34,setFixedFee
FN:38,payToAdmin
FN:42,nativeSendSameValue
FN:61,nativeSendDifferentValue
FN:79,sendSameValue
FN:96,sendDifferentValue
FNF:10
FNH:9
FNDA:3,constructor
FNDA:2,onlyAdmin
FNDA:0,setAdmn
FNDA:1,getFixedFee
FNDA:1,setFixedFee
FNDA:4,payToAdmin
FNDA:1,nativeSendSameValue
FNDA:1,nativeSendDifferentValue
FNDA:1,sendSameValue
FNDA:1,sendDifferentValue
DA:16,3
DA:17,3
DA:21,2
DA:22,1
DA:26,0
DA:31,1
DA:35,1
DA:39,4
DA:43,1
DA:47,1
DA:48,1
DA:49,1
DA:51,1
DA:52,1
DA:54,1
DA:55,255
DA:57,1
DA:58,1
DA:63,1
DA:64,1
DA:65,1
DA:67,1
DA:68,1
DA:69,1
DA:71,1
DA:72,255
DA:74,1
DA:75,1
DA:80,1
DA:84,1
DA:85,1
DA:86,1
DA:87,1
DA:88,1
DA:89,255
DA:91,1
DA:92,1
DA:97,1
DA:101,1
DA:102,1
DA:103,1
DA:104,1
DA:105,1
DA:106,1
DA:107,255
DA:108,255
DA:110,1
DA:111,1
LF:48
LH:47
BRDA:21,1,0,1
BRDA:21,1,1,1
BRDA:39,2,0,4
BRDA:39,2,1,0
BRDA:43,3,0,1
BRDA:43,3,1,0
BRDA:51,4,0,1
BRDA:51,4,1,0
BRDA:52,5,0,1
BRDA:52,5,1,0
BRDA:55,6,0,255
BRDA:55,6,1,0
BRDA:67,7,0,1
BRDA:67,7,1,0
BRDA:68,8,0,1
BRDA:68,8,1,0
BRDA:69,9,0,1
BRDA:69,9,1,0
BRDA:72,10,0,255
BRDA:72,10,1,0
BRDA:80,11,0,1
BRDA:80,11,1,0
BRDA:85,12,0,1
BRDA:85,12,1,0
BRDA:97,13,0,1
BRDA:97,13,1,0
BRDA:102,14,0,1
BRDA:102,14,1,0
BRDA:103,15,0,1
BRDA:103,15,1,0
BRF:30
BRH:16
end_of_record
TN:
SF:/home/arro/Documenti/Work/ADASTRA/MultiSend/contracts/TESTErc20/TestERC20.sol
FN:18,_msgSender
FN:22,_msgData
FN:51,constructor
FN:60,owner
FN:67,onlyOwner
FN:79,renounceOwnership
FN:88,transferOwnership
FN:197,add
FN:214,sub
FN:228,sub
FN:245,mul
FN:271,div
FN:287,div
FN:307,mod
FN:323,mod
FN:379,constructor
FN:388,name
FN:396,symbol
FN:413,decimals
FN:420,totalSupply
FN:427,balanceOf
FN:439,transfer
FN:447,allowance
FN:458,approve
FN:476,transferFrom
FN:494,increaseAllowance
FN:513,decreaseAllowance
FN:532,_transfer
FN:552,_mint
FN:573,_burn
FN:596,_approve
FN:611,_setupDecimals
FN:629,_beforeTokenTransfer
FN:646,constructor
FN:654,cap
FN:665,_beforeTokenTransfer
FN:694,canMint
FN:702,mintingFinished
FN:714,mint
FN:723,finishMinting
FN:730,_finishMinting
FN:752,constructor
FN:766,_mint
FN:775,_finishMinting
FN:782,_beforeTokenTransfer
FNF:45
FNH:21
FNDA:2070,_msgSender
FNDA:0,_msgData
FNDA:6,constructor
FNDA:0,owner
FNDA:6,onlyOwner
FNDA:0,renounceOwnership
FNDA:0,transferOwnership
FNDA:1046,add
FNDA:0,sub
FNDA:2044,sub
FNDA:0,mul
FNDA:0,div
FNDA:0,div
FNDA:0,mod
FNDA:0,mod
FNDA:6,constructor
FNDA:0,name
FNDA:0,symbol
FNDA:0,decimals
FNDA:6,totalSupply
FNDA:2048,balanceOf
FNDA:4,transfer
FNDA:0,allowance
FNDA:0,approve
FNDA:1020,transferFrom
FNDA:4,increaseAllowance
FNDA:0,decreaseAllowance
FNDA:1024,_transfer
FNDA:6,_mint
FNDA:0,_burn
FNDA:1024,_approve
FNDA:6,_setupDecimals
FNDA:1030,_beforeTokenTransfer
FNDA:6,constructor
FNDA:0,cap
FNDA:1030,_beforeTokenTransfer
FNDA:0,canMint
FNDA:0,mintingFinished
FNDA:0,mint
FNDA:0,finishMinting
FNDA:0,_finishMinting
FNDA:6,constructor
FNDA:6,_mint
FNDA:0,_finishMinting
FNDA:1030,_beforeTokenTransfer
DA:19,2070
DA:23,0
DA:24,0
DA:52,6
DA:53,6
DA:54,6
DA:61,0
DA:68,6
DA:69,6
DA:80,0
DA:81,0
DA:89,0
DA:90,0
DA:91,0
DA:198,1046
DA:199,1046
DA:201,1046
DA:215,0
DA:229,2044
DA:230,2044
DA:232,2044
DA:249,0
DA:250,0
DA:253,0
DA:254,0
DA:256,0
DA:272,0
DA:288,0
DA:289,0
DA:292,0
DA:308,0
DA:324,0
DA:325,0
DA:380,6
DA:381,6
DA:382,6
DA:389,0
DA:397,0
DA:414,0
DA:421,6
DA:428,2048
DA:440,4
DA:441,4
DA:448,0
DA:459,0
DA:460,0
DA:477,1020
DA:478,1020
DA:479,1020
DA:495,4
DA:496,4
DA:514,0
DA:515,0
DA:533,1024
DA:534,1024
DA:536,1024
DA:538,1024
DA:539,1024
DA:540,1024
DA:553,6
DA:555,6
DA:557,6
DA:558,6
DA:559,6
DA:574,0
DA:576,0
DA:578,0
DA:579,0
DA:580,0
DA:597,1024
DA:598,1024
DA:600,1024
DA:601,1024
DA:612,6
DA:647,6
DA:648,6
DA:655,0
DA:666,1030
DA:668,1030
DA:669,6
DA:695,0
DA:696,0
DA:703,0
DA:715,0
DA:724,0
DA:731,0
DA:733,0
DA:754,6
DA:755,6
DA:767,6
DA:776,0
DA:783,1030
LF:92
LH:49
BRDA:68,1,0,6
BRDA:68,1,1,0
BRDA:89,2,0,0
BRDA:89,2,1,0
BRDA:199,3,0,1046
BRDA:199,3,1,0
BRDA:229,4,0,2044
BRDA:229,4,1,0
BRDA:249,5,0,0
BRDA:249,5,1,0
BRDA:254,6,0,0
BRDA:254,6,1,0
BRDA:288,7,0,0
BRDA:288,7,1,0
BRDA:324,8,0,0
BRDA:324,8,1,0
BRDA:533,9,0,1024
BRDA:533,9,1,0
BRDA:534,10,0,1024
BRDA:534,10,1,0
BRDA:553,11,0,6
BRDA:553,11,1,0
BRDA:574,12,0,0
BRDA:574,12,1,0
BRDA:597,13,0,1024
BRDA:597,13,1,0
BRDA:598,14,0,1024
BRDA:598,14,1,0
BRDA:647,15,0,6
BRDA:647,15,1,0
BRDA:668,16,0,6
BRDA:668,16,1,1024
BRDA:669,17,0,6
BRDA:669,17,1,0
BRDA:695,18,0,0
BRDA:695,18,1,0
BRF:36
BRH:12
end_of_record
